<?xml version="1.0" encoding="UTF-8"?>
<!-- Generated by org.testng.reporters.JUnitReportReporter -->
<testsuite skipped="0" hostname="MANUJA" name="com.scripts.loginpage.VerifyLoginWithoutCredentials" tests="1" failures="0" timestamp="12 Oct 2018 10:21:27 GMT" time="0.107" errors="0">
  <testcase name="checkLoginWithoutUN" time="0.107" classname="com.scripts.loginpage.VerifyLoginWithoutCredentials"/>
</testsuite> <!-- com.scripts.loginpage.VerifyLoginWithoutCredentials -->
