<?xml version="1.0" encoding="UTF-8"?>
<!-- Generated by org.testng.reporters.JUnitReportReporter -->
<testsuite skipped="0" hostname="MANUJA" name="com.scripts.loginpage.VerifiValidLogin" tests="1" failures="0" timestamp="12 Oct 2018 10:21:27 GMT" time="9.679" errors="0">
  <testcase name="checkValidUserLogin" time="9.679" classname="com.scripts.loginpage.VerifiValidLogin"/>
</testsuite> <!-- com.scripts.loginpage.VerifiValidLogin -->
