<?xml version="1.0" encoding="UTF-8"?>
<!-- Generated by org.testng.reporters.JUnitReportReporter -->
<testsuite skipped="0" hostname="MANUJA" name="com.scripts.addnewowner.VerifyAddOwnerwithoutName" tests="1" failures="0" timestamp="13 Oct 2018 13:34:27 GMT" time="57.727" errors="0">
  <testcase name="checkAddOwner" time="57.727" classname="com.scripts.addnewowner.VerifyAddOwnerwithoutName"/>
</testsuite> <!-- com.scripts.addnewowner.VerifyAddOwnerwithoutName -->
