<?xml version="1.0" encoding="UTF-8"?>
<!-- Generated by org.testng.reporters.JUnitReportReporter -->
<testsuite skipped="0" hostname="MANUJA" name="com.scripts.organizationpage.CreateOrgznWithoutTeam" tests="1" failures="0" timestamp="09 Nov 2018 10:14:41 GMT" time="16.895" errors="0">
  <testcase name="checkCreateOrgznWithoutTeam" time="16.895" classname="com.scripts.organizationpage.CreateOrgznWithoutTeam"/>
</testsuite> <!-- com.scripts.organizationpage.CreateOrgznWithoutTeam -->
