<?xml version="1.0" encoding="UTF-8"?>
<!-- Generated by org.testng.reporters.JUnitReportReporter -->
<testsuite skipped="0" hostname="MANUJA" name="com.utility.BaseClass" tests="1" failures="0" timestamp="28 Sep 2018 09:58:38 GMT" time="0.006" errors="0">
  <testcase name="Test" time="0.006" classname="com.utility.BaseClass"/>
</testsuite> <!-- com.utility.BaseClass -->
