<?xml version="1.0" encoding="UTF-8"?>
<!-- Generated by org.testng.reporters.JUnitReportReporter -->
<testsuite skipped="0" hostname="MANUJA" name="com.scripts.loginpage.VerifyInvalidpwd" tests="1" failures="0" timestamp="12 Oct 2018 10:21:27 GMT" time="2.611" errors="0">
  <testcase name="checkInValidPassword" time="2.611" classname="com.scripts.loginpage.VerifyInvalidpwd"/>
</testsuite> <!-- com.scripts.loginpage.VerifyInvalidpwd -->
