<?xml version="1.0" encoding="UTF-8"?>
<!-- Generated by org.testng.reporters.JUnitReportReporter -->
<testsuite skipped="0" hostname="MANUJA" name="com.scripts.loginpage.PracticeForMore" tests="1" failures="0" timestamp="29 Nov 2018 11:55:26 GMT" time="16.449" errors="0">
  <testcase name="checkValidUserLogin" time="16.449" classname="com.scripts.loginpage.PracticeForMore"/>
</testsuite> <!-- com.scripts.loginpage.PracticeForMore -->
