<?xml version="1.0" encoding="UTF-8"?>
<!-- Generated by org.testng.reporters.JUnitReportReporter -->
<testsuite skipped="0" hostname="MANUJA" name="com.scripts.organizationpage.VerifyCreateOrganization" tests="1" failures="0" timestamp="09 Nov 2018 10:14:41 GMT" time="28.220" errors="0">
  <testcase name="CheckCreateOrg" time="28.220" classname="com.scripts.organizationpage.VerifyCreateOrganization"/>
</testsuite> <!-- com.scripts.organizationpage.VerifyCreateOrganization -->
