<?xml version="1.0" encoding="UTF-8"?>
<!-- Generated by org.testng.reporters.JUnitReportReporter -->
<testsuite skipped="0" hostname="MANUJA" name="com.scripts.organizationpage.VerifyCreateDuplicateOrgzn" tests="1" failures="0" timestamp="09 Nov 2018 10:14:40 GMT" time="0.002" errors="0">
  <testcase name="checkDuplicateOrgnznCreation" time="0.002" classname="com.scripts.organizationpage.VerifyCreateDuplicateOrgzn"/>
</testsuite> <!-- com.scripts.organizationpage.VerifyCreateDuplicateOrgzn -->
